<?xml version="1.0" encoding="UTF-8"?>
<testsuite xmlns:xsi="http://www.w3.org/2001/XMLSchema-instance" xsi:noNamespaceSchemaLocation="https://maven.apache.org/surefire/maven-surefire-plugin/xsd/surefire-test-report.xsd" name="es.ull.esit.sort.quicksort.QuicksortTest" time="0.122" tests="6" errors="0" skipped="0" failures="0">
  <properties>
[...]
</properties>
  <testcase name="testSimpleElement" classname="es.ull.esit.sort.quicksort.QuicksortTest" time="0.01"/>
  <testcase name="testEmpty" classname="es.ull.esit.sort.quicksort.QuicksortTest" time="0"/>
  <testcase name="testNull" classname="es.ull.esit.sort.quicksort.QuicksortTest" time="0"/>
  <testcase name="testStandardSort" classname="es.ull.esit.sort.quicksort.QuicksortTest" time="0.003"/>
  <testcase name="testSpecial" classname="es.ull.esit.sort.quicksort.QuicksortTest" time="0.003"/>
  <testcase name="testQuickSort" classname="es.ull.esit.sort.quicksort.QuicksortTest" time="0"/>
</testsuite>